43200000379000 6 8011432 8 1
43200000860000 6 198689856 7 1
43200004958000 6 189512000 2 1
43200007654000 6 8011448 8 1
43200009024000 6 198689864 1 1
43200009864000 6 75515720 8 1
43200015076000 6 8095400 8 1
43200017281000 6 189513208 8 1
43200019229000 6 198689872 1 1
43200025016000 6 198689880 2 1
43200027544000 6 75511968 99 1
43200030674000 6 198689888 3 1
43200032912000 6 189512344 2 1
43200036584000 6 167619192 4 1
43200037354000 6 6646224 8 1
43200038468000 6 198689896 3 1
43200039827000 6 189512352 1 1
43200041797000 6 8011464 8 1
43200043733000 6 8095408 8 1
43200044900000 6 167619200 1 1
43200050022000 6 75512576 3 1
43200052152000 6 167619208 1 1
43200054548000 6 189513200 2 1
43200054713000 6 6646232 8 1
43200054755000 6 7789424 8 1
43200055284000 6 198689904 3 1
43200059324000 6 198690008 8 1
43200060455000 6 167619216 3 1
43200069316000 6 75515528 120 1
43200069958000 6 75515648 65 1
43200070346000 6 198689912 3 1
43200072692000 6 8095416 8 1
43200088407000 6 6646240 8 1
43200095448000 6 75515832 3 1
43200100159000 6 6646248 8 1
43200106105000 6 198689920 56 1
43200112192000 6 75515944 1 1
43200113740000 6 198689976 18 1
43200116540000 6 6646256 8 1
43200121662000 6 198690000 1 1
43200125677000 6 75516040 6 1
43200126254000 6 189513232 1 1
43200128303000 6 198690016 16 1
43200128716000 6 8011472 8 1
43200130369000 6 6646264 8 1
43200131132000 6 8095424 8 1
43200136161000 6 198690032 27 1
43200138251000 6 75516544 8 1
43200138926000 6 189514976 2 1
43200140869000 6 8011480 8 1
43200142320000 6 198690064 2 1
43200145517000 6 189514984 1 1
43200146235000 6 198690096 8 1
43200151427000 6 189515008 2 1
43200153677000 6 8011488 8 1
43200156038000 6 198690072 3 1
43200157626000 6 189515144 2 1
43200158357000 6 8095432 8 1
43200159642000 6 8011496 8 1
43200162642000 6 198690080 6 1
43200164866000 6 75516080 16 1
43200168792000 6 198690088 2 1
43200171511000 6 189515288 2 1
43200172347000 6 198690128 8 1
43200174563000 6 8011512 8 1
43200178962000 6 6646272 8 1
43200179653000 6 189523016 8 1
43200192857000 6 75516104 3 1
43200196626000 6 189522488 1 1
43200205214000 6 6646280 8 1
43200208984000 6 189522976 1 1
43200211778000 6 8011520 8 1
43200221554000 6 75516536 3 1
43200221600000 6 198690104 2 1
43200224358000 6 8095440 8 1
43200225634000 6 189522992 1 1
43200228679000 6 198690112 3 1
43200233116000 6 6646288 8 1
43200235287000 6 198690120 3 1
43200240311000 6 75516648 57 1
43200241500000 6 198690152 3 1
43200248875000 6 198690728 8 1
43200253883000 6 8095448 8 1
43200255430000 6 75516744 1 1
43200259734000 6 6646296 8 1
43200264750000 6 189523000 1 1
43200266822000 6 75516760 6 1
43200268722000 6 198690280 8 1
43200271673000 6 6646304 8 1
43200282642000 6 189523008 1 1
43200284614000 6 8011528 8 1
43200288555000 6 198690160 2 1
43200298160000 6 189523136 1 1
43200300455000 6 8011536 8 1
43200300600000 6 198690168 38 1
43200304338000 6 189523152 3 1
43200306225000 6 75517048 16 1
43200311443000 6 6646312 8 1
43200317289000 6 75517080 1 1
43200321550000 6 6646320 8 1